<?xml version="1.0" encoding="UTF-8"?>
<!-- Generated by org.testng.reporters.JUnitReportReporter -->
<testsuite hostname="DESKTOP-G609BEC" failures="0" tests="1" name="InterviewQuestion.CountEachCharacterOccuranceOfCharacter" time="0.014" errors="0" timestamp="2022-09-17T15:49:12 IST" skipped="0">
  <testcase classname="InterviewQuestion.CountEachCharacterOccuranceOfCharacter" name="firstLetterUpperCase" time="0.014"/>
  <system-out/>
</testsuite> <!-- InterviewQuestion.CountEachCharacterOccuranceOfCharacter -->
