<?xml version="1.0" encoding="UTF-8"?>
<!-- Generated by org.testng.reporters.JUnitReportReporter -->
<testsuite hostname="DESKTOP-G609BEC" failures="0" tests="1" name="HandleOTP.OTPNotification" time="25.433" errors="0" timestamp="2022-10-08T12:51:55 IST" skipped="0">
  <testcase classname="HandleOTP.OTPNotification" name="otpHandle" time="25.433"/>
  <system-out/>
</testsuite> <!-- HandleOTP.OTPNotification -->
