<?xml version="1.0" encoding="UTF-8"?>
<!-- Generated by org.testng.reporters.JUnitReportReporter -->
<testsuite hostname="DESKTOP-G609BEC" failures="0" tests="1" name="InterviewQuestion.StartPatternProg" time="0.017" errors="0" timestamp="2022-09-20T12:39:58 IST" skipped="0">
  <testcase classname="InterviewQuestion.StartPatternProg" name="rightdiagonal" time="0.017"/>
  <system-out/>
</testsuite> <!-- InterviewQuestion.StartPatternProg -->
