<?xml version="1.0" encoding="UTF-8"?>
<!-- Generated by org.testng.reporters.JUnitReportReporter -->
<testsuite hostname="DESKTOP-G609BEC" failures="0" tests="1" name="InterviewQuestion.StarPattern1" time="0.015" errors="0" timestamp="2022-09-23T12:28:59 IST" skipped="0">
  <testcase classname="InterviewQuestion.StarPattern1" name="pallendrom" time="0.015"/>
  <system-out/>
</testsuite> <!-- InterviewQuestion.StarPattern1 -->
