<?xml version="1.0" encoding="UTF-8"?>
<!-- Generated by org.testng.reporters.JUnitReportReporter -->
<testsuite hostname="DESKTOP-G609BEC" failures="0" tests="1" name="JavaProgPractice.ConsonentCount" time="0.018" errors="0" timestamp="2022-10-06T17:25:17 IST" skipped="0">
  <testcase classname="JavaProgPractice.ConsonentCount" name="cons" time="0.018"/>
  <system-out/>
</testsuite> <!-- JavaProgPractice.ConsonentCount -->
