<?xml version="1.0" encoding="UTF-8"?>
<!-- Generated by org.testng.reporters.JUnitReportReporter -->
<testsuite hostname="DESKTOP-G609BEC" failures="0" tests="1" name="JavaProgPractice.SortTheElementsInAscendingOrder" time="0.015" errors="0" timestamp="2022-10-08T23:13:01 IST" skipped="0">
  <testcase classname="JavaProgPractice.SortTheElementsInAscendingOrder" name="descendingOrder" time="0.015"/>
  <system-out/>
</testsuite> <!-- JavaProgPractice.SortTheElementsInAscendingOrder -->
