<?xml version="1.0" encoding="UTF-8"?>
<!-- Generated by org.testng.reporters.JUnitReportReporter -->
<testsuite hostname="DESKTOP-G609BEC" failures="0" tests="2" name="Appium.testScript.ParallelExecution" time="77.493" errors="0" timestamp="2022-10-06T11:08:27 IST" skipped="0">
  <testcase classname="Appium.testScript.ParallelExecution" name="parallelexc" time="50.585"/>
  <system-out/>
  <testcase classname="Appium.testScript.ParallelExecution" name="parallelexc" time="26.908"/>
  <system-out/>
</testsuite> <!-- Appium.testScript.ParallelExecution -->
