<?xml version="1.0" encoding="UTF-8"?>
<!-- Generated by org.testng.reporters.JUnitReportReporter -->
<testsuite hostname="DESKTOP-G609BEC" failures="0" tests="1" name="JavaProgPractice.TestClass" time="0.023" errors="0" timestamp="2022-09-15T22:26:14 IST" skipped="0">
  <testcase classname="JavaProgPractice.TestClass" name="occOfeachChar" time="0.023"/>
  <system-out/>
</testsuite> <!-- JavaProgPractice.TestClass -->
